Tue Aug  4 17:44:29 BST 2020
 &QGMIN
 IRUNNO  =          10,
 XL      =   4000.00000000000     ,
 YL      =   1000.00000000000     ,
 H       =   5000.00000000000     ,
 SPEED   =  0.100000000000000     ,
 TIMESTEP        =   2700.00000000000     ,
 TAUZERO =  0.100000000000000     ,
 RHOZERO =   1000.00000000000     ,
 THETA   =  -50.0000000000000     ,
 EPSILON =  1.000000000000000E-007,
 FRICTION        =   10000000000.0000     ,
 BZERO   =  4.578061000000000E-003,
 NFLAG   =           1,
 RLIM2   =   5.00000000000000     ,
 H0      =  0.000000000000000E+000,
 ISEED   =           1,
 NMIX    =          51,
 NUIN    =          10,
 MFLAG   =           1,
 MCF     =           1,
 NUOT    =          11,
 NFIRST  =           0,
 NLAST   =       11680,
 NWRITE  =         160,
 NRESTART        =       11680
 /
  VERTICAL STRUCTURE FUNCTIONS  
         1
  0.100E+01
  0.100E+01
  0.100E+01
  0.100E+01
  0.100E+01
  0.100E+01
  0.100E+01
  0.100E+01
  0.100E+01
  0.100E+01
  0.100E+01
  0.100E+01
  0.100E+01
  0.100E+01
  0.100E+01
  0.100E+01
  0.100E+01
  0.100E+01
  0.100E+01
  0.100E+01
  0.100E+01
  0.100E+01
  0.100E+01
  0.100E+01
  0.100E+01
  0.100E+01
  0.100E+01
  0.100E+01
  0.100E+01
  0.100E+01
  0.100E+01
  0.100E+01
  0.100E+01
  0.100E+01
  0.100E+01
  0.100E+01
  0.100E+01
  0.100E+01
  0.100E+01
  0.100E+01
  0.100E+01
  0.100E+01
  0.100E+01
  0.100E+01
  0.100E+01
  0.100E+01
  0.100E+01
  0.100E+01
  0.100E+01
  0.100E+01
  0.100E+01
  0.100E+01
  0.100E+01
  0.100E+01
  0.100E+01
  0.100E+01
  0.100E+01
  0.100E+01
  0.100E+01
  0.100E+01
  0.100E+01
  0.100E+01
  0.100E+01
  0.100E+01
  0.100E+01
  0.100E+01
  0.100E+01
  0.100E+01
  0.100E+01
  0.100E+01
  0.100E+01
  0.100E+01
  0.100E+01
  0.100E+01
  0.100E+01
  0.100E+01
  0.100E+01
  0.100E+01
  0.100E+01
  0.100E+01
  0.100E+01
  0.100E+01
  0.100E+01
  0.100E+01
  0.100E+01
  0.100E+01
  0.100E+01
  0.100E+01
  0.100E+01
  0.100E+01
  0.100E+01
  0.100E+01
  0.100E+01
  0.100E+01
  0.100E+01
  0.100E+01
  0.100E+01
  0.100E+01
  0.100E+01
  0.100E+01
  0.100E+01
  EIGENVALUES  
  0.000E+00
  DIAGONAL MODE INTERACTION CONSTANTS  
         1
  NON-DIAGONAL MODE INTERACTION CONSTANTS  

IMPORTANT - IBFLAG =    1.0
 INITIAL FLOW FIELD : ZERO STATE
 
 
 QUASIGEOSTROPHIC CHANNEL SIMULATION
 
 
 ----------------------------------------------------
 INPUT PARAMETERS
 ----------------------------------------------------
 MODEL RUN NO. :     10
 LENGTH OF CHANNEL : 4000.0 KM
 WIDTH OF CHANNEL : 1000.0 KM
 DEPTH OF CHANNEL : 5000.0 M
 CHARACTERISTIC SPEED : 0.1 M S**-1
 SURFACE WINDSTRESS(MAX. AMPLITUDE) : 0.1 N M**-2
 MEAN DENSITY : 1000.0 KGM**-3
 CENTRAL LATITUDE OF CHANNEL :  -50.0 DEGREES
 BOTTOM FRICTION :   0.10000000E-06 S**-1
 LATERAL FRICTION :   0.10000000E+11 M**4 S**-1
 BRUNT-VAISALA FREQ.(MAX.) :   0.45780610E-02 S**-1
 TIMESTEP : 2700.0 S
 FIRST TIMESTEP :      0
 LAST TIMESTEP :  11680
 OUTPUT INTERVAL :    160 TIMESTEPS
 LAST DAY OF INTEGRATION :  365.0 DAYS
 FIRST DAY OF INTEGRATION :    0.0 DAYS
 SAMPLING INTERVAL :    5.0 DAYS
 ----------------------------------------------------
 OTHER PARAMETERS
 ----------------------------------------------------
 NO. OF GRIDPOINTS(X-DIRN) : 402
 NO. OF GRIDPOINTS(Y-DIRN) : 101
 NO. OF GRIDPOINTS(Z-DIRN) : 101
 NO. OF VERTICAL MODES :  1
 RESOLUTION(X-DIRN) :  10.0 KM
 RESOLUTION(Y-DIRN) :  10.0 KM
 ----------------------------------------------------
 CONSTANTS
 ----------------------------------------------------
 RADIUS OF THE EARTH : 6370.0 KM
 EARTH'S ROTATION RATE :   0.72722052E-04 RAD S**-1
 ----------------------------------------------------
 DERIVED PARAMETERS
 ----------------------------------------------------
 CORIOLIS PARAMETER :   0.10000000E-03 S**-1
 BETA :   0.14000000E-10S**-1 M**-1
 VERTICAL STRUCTURE :  VERTICAL STRUCTURE: BAROTROPI
 WIND FORCING       :  WINDFORCING : SINUSOIDAL     
 BOTTOM TOPOGRAPHY  : case 1 topography             
 ADVECTION          : ON 
 INITIALISATION     : INITIAL FLOW FIELD : ZERO STAT
 MEAN STATISTICS CALCULATED
 

 INTEGRATED ENERGY & ENSTROPHY
   TIME             1
      0.0   0.000E+00   0.000E+00
      5.0   7.861E-02   0.000E+00
     10.0   2.065E-01   0.000E+00
     15.0   2.916E-01   0.000E+00
     20.0   4.295E-01   0.000E+00
     25.0   6.845E-01   0.000E+00
     30.0   9.524E-01   0.000E+00
     35.0   1.170E+00   0.000E+00
     40.0   1.428E+00   0.000E+00
     45.0   1.771E+00   0.000E+00
     50.0   2.106E+00   0.000E+00
     55.0   2.390E+00   0.000E+00
     60.0   2.704E+00   0.000E+00
     65.0   3.079E+00   0.000E+00
     70.0   3.433E+00   0.000E+00
     75.0   3.739E+00   0.000E+00
     80.0   4.070E+00   0.000E+00
     85.0   4.443E+00   0.000E+00
     90.0   4.789E+00   0.000E+00
     95.0   5.092E+00   0.000E+00
    100.0   5.414E+00   0.000E+00
    105.0   5.766E+00   0.000E+00
    110.0   6.086E+00   0.000E+00
    115.0   6.369E+00   0.000E+00
    120.0   6.668E+00   0.000E+00
    125.0   6.987E+00   0.000E+00
    130.0   7.275E+00   0.000E+00
    135.0   7.530E+00   0.000E+00
    140.0   7.801E+00   0.000E+00
    145.0   8.084E+00   0.000E+00
    150.0   8.336E+00   0.000E+00
    155.0   8.562E+00   0.000E+00
    160.0   8.799E+00   0.000E+00
    165.0   9.044E+00   0.000E+00
    170.0   9.261E+00   0.000E+00
    175.0   9.456E+00   0.000E+00
    180.0   9.661E+00   0.000E+00
    185.0   9.870E+00   0.000E+00
    190.0   1.005E+01   0.000E+00
    195.0   1.022E+01   0.000E+00
    200.0   1.039E+01   0.000E+00
    205.0   1.057E+01   0.000E+00
    210.0   1.072E+01   0.000E+00
    215.0   1.086E+01   0.000E+00
    220.0   1.101E+01   0.000E+00
    225.0   1.115E+01   0.000E+00
    230.0   1.128E+01   0.000E+00
    235.0   1.140E+01   0.000E+00
    240.0   1.152E+01   0.000E+00
    245.0   1.164E+01   0.000E+00
    250.0   1.174E+01   0.000E+00
    255.0   1.184E+01   0.000E+00
    260.0   1.194E+01   0.000E+00
    265.0   1.204E+01   0.000E+00
    270.0   1.213E+01   0.000E+00
    275.0   1.220E+01   0.000E+00
    280.0   1.229E+01   0.000E+00
    285.0   1.237E+01   0.000E+00
    290.0   1.244E+01   0.000E+00
    295.0   1.250E+01   0.000E+00
    300.0   1.257E+01   0.000E+00
    305.0   1.264E+01   0.000E+00
    310.0   1.270E+01   0.000E+00
    315.0   1.275E+01   0.000E+00
    320.0   1.281E+01   0.000E+00
    325.0   1.286E+01   0.000E+00
    330.0   1.291E+01   0.000E+00
    335.0   1.295E+01   0.000E+00
    340.0   1.300E+01   0.000E+00
    345.0   1.304E+01   0.000E+00
    350.0   1.308E+01   0.000E+00
    355.0   1.312E+01   0.000E+00
    360.0   1.316E+01   0.000E+00
    365.0   1.319E+01   0.000E+00
 
  SURFACE VELOCITY FIELD CHARACTERISTICS 
          AT LAST TIMESTEP 
 
 SPACE-AVERAGED E-W VELOCITY :  0.0412 M S**-1
 MAXIMUM E-W VELOCITY :  0.1185 M S**-1
 MINIMUM E-W VELOCITY : -0.0521 M S**-1
-------------------------------------
 SPACE-AVERAGED N-S VELOCITY : -0.0001 M S**-1
 MAXIMUM N-S VELOCITY :  0.1063 M S**-1
 MINIMUM N-S VELOCITY : -0.1063 M S**-1
-------------------------------------
    365.0   7.494E+00   0.000E+00
Tue Aug  4 17:45:03 BST 2020
