Thu 12 Aug 11:25:10 BST 2021
 &QGMIN
 IRUNNO  =          10,
 XL      =   4000.00000000000     ,
 YL      =   1000.00000000000     ,
 H       =   5000.00000000000     ,
 SPEED   =  0.100000000000000     ,
 TIMESTEP        =   2700.00000000000     ,
 TAUZERO =   1.00000000000000     ,
 RHOZERO =   1000.00000000000     ,
 THETA   =  -50.0000000000000     ,
 EPSILON =  1.000000000000000E-007,
 FRICTION        =   10000000000.0000     ,
 BZERO   =  4.578061000000000E-003,
 NFLAG   =           1,
 RLIM2   =   5.00000000000000     ,
 H0      =  0.000000000000000E+000,
 ISEED   =           1,
 NMIX    =          51,
 NUIN    =          10,
 MFLAG   =           1,
 MCF     =           1,
 NUOT    =          11,
 NFIRST  =           0,
 NLAST   =     1168000,
 NWRITE  =         160,
 NRESTART        =     1168000
 /
  VERTICAL STRUCTURE FUNCTIONS  
         1
  0.100E+01
  0.100E+01
  0.100E+01
  0.100E+01
  0.100E+01
  0.100E+01
  0.100E+01
  0.100E+01
  0.100E+01
  0.100E+01
  0.100E+01
  0.100E+01
  0.100E+01
  0.100E+01
  0.100E+01
  0.100E+01
  0.100E+01
  0.100E+01
  0.100E+01
  0.100E+01
  0.100E+01
  0.100E+01
  0.100E+01
  0.100E+01
  0.100E+01
  0.100E+01
  0.100E+01
  0.100E+01
  0.100E+01
  0.100E+01
  0.100E+01
  0.100E+01
  0.100E+01
  0.100E+01
  0.100E+01
  0.100E+01
  0.100E+01
  0.100E+01
  0.100E+01
  0.100E+01
  0.100E+01
  0.100E+01
  0.100E+01
  0.100E+01
  0.100E+01
  0.100E+01
  0.100E+01
  0.100E+01
  0.100E+01
  0.100E+01
  0.100E+01
  0.100E+01
  0.100E+01
  0.100E+01
  0.100E+01
  0.100E+01
  0.100E+01
  0.100E+01
  0.100E+01
  0.100E+01
  0.100E+01
  0.100E+01
  0.100E+01
  0.100E+01
  0.100E+01
  0.100E+01
  0.100E+01
  0.100E+01
  0.100E+01
  0.100E+01
  0.100E+01
  0.100E+01
  0.100E+01
  0.100E+01
  0.100E+01
  0.100E+01
  0.100E+01
  0.100E+01
  0.100E+01
  0.100E+01
  0.100E+01
  0.100E+01
  0.100E+01
  0.100E+01
  0.100E+01
  0.100E+01
  0.100E+01
  0.100E+01
  0.100E+01
  0.100E+01
  0.100E+01
  0.100E+01
  0.100E+01
  0.100E+01
  0.100E+01
  0.100E+01
  0.100E+01
  0.100E+01
  0.100E+01
  0.100E+01
  0.100E+01
  EIGENVALUES  
  0.000E+00
  DIAGONAL MODE INTERACTION CONSTANTS  
         1
  NON-DIAGONAL MODE INTERACTION CONSTANTS  

IMPORTANT - IBFLAG =    1.0
 INITIAL FLOW FIELD : ZERO STATE
 
 
 QUASIGEOSTROPHIC CHANNEL SIMULATION
 
 
 ----------------------------------------------------
 INPUT PARAMETERS
 ----------------------------------------------------
 MODEL RUN NO. :     10
 LENGTH OF CHANNEL : 4000.0 KM
 WIDTH OF CHANNEL : 1000.0 KM
 DEPTH OF CHANNEL : 5000.0 M
 CHARACTERISTIC SPEED : 0.1 M S**-1
 SURFACE WINDSTRESS(MAX. AMPLITUDE) : 1.0 N M**-2
 MEAN DENSITY : 1000.0 KGM**-3
 CENTRAL LATITUDE OF CHANNEL :  -50.0 DEGREES
 BOTTOM FRICTION :   0.10000000E-06 S**-1
 LATERAL FRICTION :   0.10000000E+11 M**4 S**-1
 BRUNT-VAISALA FREQ.(MAX.) :   0.45780610E-02 S**-1
 TIMESTEP : 2700.0 S
 FIRST TIMESTEP :      0
 LAST TIMESTEP :    1168000
 OUTPUT INTERVAL :    160 TIMESTEPS
 LAST DAY OF INTEGRATION :    36500.0 DAYS
 FIRST DAY OF INTEGRATION :        0.0 DAYS
 SAMPLING INTERVAL :    5.0 DAYS
 ----------------------------------------------------
 OTHER PARAMETERS
 ----------------------------------------------------
 NO. OF GRIDPOINTS(X-DIRN) : 402
 NO. OF GRIDPOINTS(Y-DIRN) : 101
 NO. OF GRIDPOINTS(Z-DIRN) : 101
 NO. OF VERTICAL MODES :  1
 RESOLUTION(X-DIRN) :  10.0 KM
 RESOLUTION(Y-DIRN) :  10.0 KM
 ----------------------------------------------------
 CONSTANTS
 ----------------------------------------------------
 RADIUS OF THE EARTH : 6370.0 KM
 EARTH'S ROTATION RATE :   0.72722052E-04 RAD S**-1
 ----------------------------------------------------
 DERIVED PARAMETERS
 ----------------------------------------------------
 CORIOLIS PARAMETER :   0.10000000E-03 S**-1
 BETA :   0.14000000E-10S**-1 M**-1
 VERTICAL STRUCTURE :  VERTICAL STRUCTURE: BAROTROPI
 WIND FORCING       :  WINDFORCING : SINUSOIDAL     
 BOTTOM TOPOGRAPHY  : case A topography             
 ADVECTION          : ON 
 INITIALISATION     : INITIAL FLOW FIELD : ZERO STAT
 MEAN STATISTICS CALCULATED
 

 INTEGRATED ENERGY & ENSTROPHY
   TIME             1
      0.0   0.000E+00   0.000E+00
      5.0   7.562E+00   0.000E+00
     10.0   1.801E+01   0.000E+00
     15.0   2.441E+01   0.000E+00
     20.0   3.929E+01   0.000E+00
     25.0   6.256E+01   0.000E+00
     30.0   8.116E+01   0.000E+00
     35.0   9.842E+01   0.000E+00
     40.0   1.241E+02   0.000E+00
     45.0   1.510E+02   0.000E+00
     50.0   1.714E+02   0.000E+00
     55.0   1.937E+02   0.000E+00
     60.0   2.215E+02   0.000E+00
     65.0   2.456E+02   0.000E+00
     70.0   2.646E+02   0.000E+00
     75.0   2.871E+02   0.000E+00
     80.0   3.119E+02   0.000E+00
     85.0   3.311E+02   0.000E+00
     90.0   3.481E+02   0.000E+00
     95.0   3.690E+02   0.000E+00
    100.0   3.887E+02   0.000E+00
    105.0   4.029E+02   0.000E+00
    110.0   4.171E+02   0.000E+00
    115.0   4.333E+02   0.000E+00
    120.0   4.453E+02   0.000E+00
    125.0   4.531E+02   0.000E+00
    130.0   4.620E+02   0.000E+00
    135.0   4.707E+02   0.000E+00
    140.0   4.747E+02   0.000E+00
    145.0   4.764E+02   0.000E+00
    150.0   4.793E+02   0.000E+00
    155.0   4.800E+02   0.000E+00
    160.0   4.761E+02   0.000E+00
    165.0   4.710E+02   0.000E+00
    170.0   4.662E+02   0.000E+00
    175.0   4.586E+02   0.000E+00
    180.0   4.483E+02   0.000E+00
    185.0   4.396E+02   0.000E+00
    190.0   4.338E+02   0.000E+00
    195.0   4.292E+02   0.000E+00
    200.0   4.262E+02   0.000E+00
    205.0   4.272E+02   0.000E+00
    210.0   4.311E+02   0.000E+00
    215.0   4.356E+02   0.000E+00
    220.0   4.417E+02   0.000E+00
    225.0   4.507E+02   0.000E+00
    230.0   4.609E+02   0.000E+00
    235.0   4.713E+02   0.000E+00
    240.0   4.832E+02   0.000E+00
    245.0   4.958E+02   0.000E+00
    250.0   5.064E+02   0.000E+00
    255.0   5.150E+02   0.000E+00
    260.0   5.226E+02   0.000E+00
    265.0   5.283E+02   0.000E+00
    270.0   5.312E+02   0.000E+00
    275.0   5.327E+02   0.000E+00
    280.0   5.334E+02   0.000E+00
    285.0   5.315E+02   0.000E+00
    290.0   5.269E+02   0.000E+00
    295.0   5.219E+02   0.000E+00
    300.0   5.162E+02   0.000E+00
    305.0   5.080E+02   0.000E+00
    310.0   4.979E+02   0.000E+00
    315.0   4.878E+02   0.000E+00
    320.0   4.776E+02   0.000E+00
    325.0   4.666E+02   0.000E+00
    330.0   4.558E+02   0.000E+00
    335.0   4.470E+02   0.000E+00
    340.0   4.402E+02   0.000E+00
    345.0   4.356E+02   0.000E+00
    350.0   4.343E+02   0.000E+00
    355.0   4.364E+02   0.000E+00
    360.0   4.406E+02   0.000E+00
    365.0   4.465E+02   0.000E+00
    370.0   4.554E+02   0.000E+00
    375.0   4.665E+02   0.000E+00
    380.0   4.779E+02   0.000E+00
    385.0   4.895E+02   0.000E+00
    390.0   5.013E+02   0.000E+00
    395.0   5.117E+02   0.000E+00
    400.0   5.196E+02   0.000E+00
    405.0   5.260E+02   0.000E+00
    410.0   5.316E+02   0.000E+00
    415.0   5.353E+02   0.000E+00
    420.0   5.365E+02   0.000E+00
    425.0   5.368E+02   0.000E+00
    430.0   5.366E+02   0.000E+00
    435.0   5.345E+02   0.000E+00
    440.0   5.308E+02   0.000E+00
    445.0   5.268E+02   0.000E+00
    450.0   5.223E+02   0.000E+00
    455.0   5.165E+02   0.000E+00
    460.0   5.101E+02   0.000E+00
    465.0   5.042E+02   0.000E+00
