Fri 30 Jul 00:00:03 BST 2021
 &QGMIN
 IRUNNO  =          10,
 XL      =   4000.00000000000     ,
 YL      =   1000.00000000000     ,
 H       =   5000.00000000000     ,
 SPEED   =  0.100000000000000     ,
 TIMESTEP        =   2700.00000000000     ,
 TAUZERO =   1.00000000000000     ,
 RHOZERO =   1000.00000000000     ,
 THETA   =  -50.0000000000000     ,
 EPSILON =  1.000000000000000E-007,
 FRICTION        =   10000000000.0000     ,
 BZERO   =  4.578061000000000E-003,
 NFLAG   =           1,
 RLIM2   =   5.00000000000000     ,
 H0      =  0.000000000000000E+000,
 ISEED   =           1,
 NMIX    =          51,
 NUIN    =          10,
 MFLAG   =           1,
 MCF     =           1,
 NUOT    =          11,
 NFIRST  =           0,
 NLAST   =         160,
 NWRITE  =         160,
 NRESTART        =         160
 /
  VERTICAL STRUCTURE FUNCTIONS  
         1
  0.100E+01
  0.100E+01
  0.100E+01
  0.100E+01
  0.100E+01
  0.100E+01
  0.100E+01
  0.100E+01
  0.100E+01
  0.100E+01
  0.100E+01
  0.100E+01
  0.100E+01
  0.100E+01
  0.100E+01
  0.100E+01
  0.100E+01
  0.100E+01
  0.100E+01
  0.100E+01
  0.100E+01
  0.100E+01
  0.100E+01
  0.100E+01
  0.100E+01
  0.100E+01
  0.100E+01
  0.100E+01
  0.100E+01
  0.100E+01
  0.100E+01
  0.100E+01
  0.100E+01
  0.100E+01
  0.100E+01
  0.100E+01
  0.100E+01
  0.100E+01
  0.100E+01
  0.100E+01
  0.100E+01
  0.100E+01
  0.100E+01
  0.100E+01
  0.100E+01
  0.100E+01
  0.100E+01
  0.100E+01
  0.100E+01
  0.100E+01
  0.100E+01
  0.100E+01
  0.100E+01
  0.100E+01
  0.100E+01
  0.100E+01
  0.100E+01
  0.100E+01
  0.100E+01
  0.100E+01
  0.100E+01
  0.100E+01
  0.100E+01
  0.100E+01
  0.100E+01
  0.100E+01
  0.100E+01
  0.100E+01
  0.100E+01
  0.100E+01
  0.100E+01
  0.100E+01
  0.100E+01
  0.100E+01
  0.100E+01
  0.100E+01
  0.100E+01
  0.100E+01
  0.100E+01
  0.100E+01
  0.100E+01
  0.100E+01
  0.100E+01
  0.100E+01
  0.100E+01
  0.100E+01
  0.100E+01
  0.100E+01
  0.100E+01
  0.100E+01
  0.100E+01
  0.100E+01
  0.100E+01
  0.100E+01
  0.100E+01
  0.100E+01
  0.100E+01
  0.100E+01
  0.100E+01
  0.100E+01
  0.100E+01
  EIGENVALUES  
  0.000E+00
  DIAGONAL MODE INTERACTION CONSTANTS  
         1
  NON-DIAGONAL MODE INTERACTION CONSTANTS  

IMPORTANT - IBFLAG =    1.0
 INITIAL FLOW FIELD : ZERO STATE
 
 
 QUASIGEOSTROPHIC CHANNEL SIMULATION
 
 
 ----------------------------------------------------
 INPUT PARAMETERS
 ----------------------------------------------------
 MODEL RUN NO. :     10
 LENGTH OF CHANNEL : 4000.0 KM
 WIDTH OF CHANNEL : 1000.0 KM
 DEPTH OF CHANNEL : 5000.0 M
 CHARACTERISTIC SPEED : 0.1 M S**-1
 SURFACE WINDSTRESS(MAX. AMPLITUDE) : 1.0 N M**-2
 MEAN DENSITY : 1000.0 KGM**-3
 CENTRAL LATITUDE OF CHANNEL :  -50.0 DEGREES
 BOTTOM FRICTION :   0.10000000E-06 S**-1
 LATERAL FRICTION :   0.10000000E+11 M**4 S**-1
 BRUNT-VAISALA FREQ.(MAX.) :   0.45780610E-02 S**-1
 TIMESTEP : 2700.0 S
 FIRST TIMESTEP :      0
 LAST TIMESTEP :    160
 OUTPUT INTERVAL :    160 TIMESTEPS
 LAST DAY OF INTEGRATION :    5.0 DAYS
 FIRST DAY OF INTEGRATION :    0.0 DAYS
 SAMPLING INTERVAL :    5.0 DAYS
 ----------------------------------------------------
 OTHER PARAMETERS
 ----------------------------------------------------
 NO. OF GRIDPOINTS(X-DIRN) : 402
 NO. OF GRIDPOINTS(Y-DIRN) : 101
 NO. OF GRIDPOINTS(Z-DIRN) : 101
 NO. OF VERTICAL MODES :  1
 RESOLUTION(X-DIRN) :  10.0 KM
 RESOLUTION(Y-DIRN) :  10.0 KM
 ----------------------------------------------------
 CONSTANTS
 ----------------------------------------------------
 RADIUS OF THE EARTH : 6370.0 KM
 EARTH'S ROTATION RATE :   0.72722052E-04 RAD S**-1
 ----------------------------------------------------
 DERIVED PARAMETERS
 ----------------------------------------------------
 CORIOLIS PARAMETER :   0.10000000E-03 S**-1
 BETA :   0.14000000E-10S**-1 M**-1
 VERTICAL STRUCTURE :  VERTICAL STRUCTURE: BAROTROPI
 WIND FORCING       :  WINDFORCING : SINUSOIDAL     
 BOTTOM TOPOGRAPHY  : case C topography             
 ADVECTION          : ON 
 INITIALISATION     : INITIAL FLOW FIELD : ZERO STAT
 MEAN STATISTICS CALCULATED
 

 INTEGRATED ENERGY & ENSTROPHY
   TIME             1
      0.0   0.000E+00   0.000E+00
      5.0   7.377E+00   0.000E+00
 
  SURFACE VELOCITY FIELD CHARACTERISTICS 
          AT LAST TIMESTEP 
 
 SPACE-AVERAGED E-W VELOCITY :  0.0372 M S**-1
 MAXIMUM E-W VELOCITY :  0.0855 M S**-1
 MINIMUM E-W VELOCITY : -0.0328 M S**-1
-------------------------------------
 SPACE-AVERAGED N-S VELOCITY : -0.0001 M S**-1
 MAXIMUM N-S VELOCITY :  0.0803 M S**-1
 MINIMUM N-S VELOCITY : -0.0796 M S**-1
-------------------------------------
      5.0   7.377E+00   0.000E+00
Fri 30 Jul 00:00:05 BST 2021
